<?xml version="1.0" encoding="UTF-8"?>
<!-- Generated by org.testng.reporters.JUnitReportReporter -->
<testsuite skipped="0" hostname="welcome-PC" name="learnTestNG.LearnBasic" tests="1" failures="0" timestamp="28 Apr 2018 11:45:17 GMT" time="128.310" errors="0">
  <testcase name="testing" time="128.310" classname="learnTestNG.LearnBasic"/>
</testsuite> <!-- learnTestNG.LearnBasic -->
