<?xml version="1.0" encoding="UTF-8"?>
<!-- Generated by org.testng.reporters.JUnitReportReporter -->
<testsuite skipped="0" hostname="welcome-PC" name="learnTestNG.TestCase1" tests="3" failures="0" timestamp="28 Apr 2018 03:40:32 GMT" time="0.108" errors="0">
  <testcase name="testCase1_1" time="0.037" classname="learnTestNG.TestCase1"/>
  <testcase name="testCase1_2" time="0.011" classname="learnTestNG.TestCase1"/>
  <testcase name="testCase1_1" time="0.060" classname="learnTestNG.TestCase1"/>
</testsuite> <!-- learnTestNG.TestCase1 -->
