<?xml version="1.0" encoding="UTF-8"?>
<!-- Generated by org.testng.reporters.JUnitReportReporter -->
<testsuite skipped="0" hostname="welcome-PC" name="testCases.CreateLead" tests="2" failures="0" timestamp="10 Mar 2018 12:51:49 GMT" time="131.075" errors="0">
  <testcase name="createLead" time="48.472" classname="testCases.CreateLead"/>
  <testcase name="createLead" time="82.603" classname="testCases.CreateLead"/>
</testsuite> <!-- testCases.CreateLead -->
