<?xml version="1.0" encoding="UTF-8"?>
<!-- Generated by org.testng.reporters.JUnitReportReporter -->
<testsuite skipped="0" hostname="welcome-PC" name="testCases.DeleteLead" tests="2" failures="0" timestamp="10 Mar 2018 12:51:49 GMT" time="110.733" errors="0">
  <testcase name="deleteLead" time="50.267" classname="testCases.DeleteLead"/>
  <testcase name="deleteLead" time="60.466" classname="testCases.DeleteLead"/>
</testsuite> <!-- testCases.DeleteLead -->
