<?xml version="1.0" encoding="UTF-8"?>
<!-- Generated by org.testng.reporters.JUnitReportReporter -->
<testsuite skipped="0" hostname="welcome-PC" name="testCases.MergeLeads" tests="1" failures="0" timestamp="05 Mar 2018 03:31:32 GMT" time="83.285" errors="0">
  <testcase name="mergeLeads" time="83.285" classname="testCases.MergeLeads"/>
</testsuite> <!-- testCases.MergeLeads -->
