<?xml version="1.0" encoding="UTF-8"?>
<!-- Generated by org.testng.reporters.JUnitReportReporter -->
<testsuite skipped="0" hostname="welcome-PC" name="learnTestNG.TestCase2" tests="1" failures="0" timestamp="28 Apr 2018 03:40:32 GMT" time="0.022" errors="0">
  <testcase name="testCase2" time="0.022" classname="learnTestNG.TestCase2"/>
</testsuite> <!-- learnTestNG.TestCase2 -->
