<?xml version="1.0" encoding="UTF-8"?>
<!-- Generated by org.testng.reporters.JUnitReportReporter -->
<testsuite skipped="0" hostname="welcome-PC" name="learnTestNG.Learn" tests="2" failures="0" timestamp="28 Apr 2018 12:09:44 GMT" time="85.854" errors="0">
  <testcase name="testw" time="40.751" classname="learnTestNG.Learn"/>
  <testcase name="test1" time="45.103" classname="learnTestNG.Learn"/>
</testsuite> <!-- learnTestNG.Learn -->
