<?xml version="1.0" encoding="UTF-8"?>
<!-- Generated by org.testng.reporters.JUnitReportReporter -->
<testsuite skipped="0" hostname="welcome-PC" name="learnTestNG.TestCase4" tests="1" failures="0" timestamp="10 Mar 2018 13:46:55 GMT" time="0.003" errors="0">
  <testcase name="testCase4" time="0.003" classname="learnTestNG.TestCase4"/>
</testsuite> <!-- learnTestNG.TestCase4 -->
