<?xml version="1.0" encoding="UTF-8"?>
<!-- Generated by org.testng.reporters.JUnitReportReporter -->
<testsuite skipped="0" hostname="welcome-PC" name="learnTestNG.TestCase3" tests="2" failures="0" timestamp="10 Mar 2018 13:46:55 GMT" time="0.031" errors="0">
  <testcase name="testCase3_1" time="0.009" classname="learnTestNG.TestCase3"/>
  <testcase name="testCase3_2" time="0.022" classname="learnTestNG.TestCase3"/>
</testsuite> <!-- learnTestNG.TestCase3 -->
